Traceback (most recent call last):
  File "/home/jules/.pyenv/versions/3.12.12/bin/flask", line 7, in <module>
    sys.exit(main())
             ^^^^^^
  File "/home/jules/.pyenv/versions/3.12.12/lib/python3.12/site-packages/flask/cli.py", line 1131, in main
    cli.main()
  File "/home/jules/.pyenv/versions/3.12.12/lib/python3.12/site-packages/click/core.py", line 1406, in main
    rv = self.invoke(ctx)
         ^^^^^^^^^^^^^^^^
  File "/home/jules/.pyenv/versions/3.12.12/lib/python3.12/site-packages/click/core.py", line 1873, in invoke
    return _process_result(sub_ctx.command.invoke(sub_ctx))
                           ^^^^^^^^^^^^^^^^^^^^^^^^^^^^^^^
  File "/home/jules/.pyenv/versions/3.12.12/lib/python3.12/site-packages/click/core.py", line 1269, in invoke
    return ctx.invoke(self.callback, **ctx.params)
           ^^^^^^^^^^^^^^^^^^^^^^^^^^^^^^^^^^^^^^^
  File "/home/jules/.pyenv/versions/3.12.12/lib/python3.12/site-packages/click/core.py", line 824, in invoke
    return callback(*args, **kwargs)
           ^^^^^^^^^^^^^^^^^^^^^^^^^
  File "/home/jules/.pyenv/versions/3.12.12/lib/python3.12/site-packages/click/decorators.py", line 93, in new_func
    return ctx.invoke(f, obj, *args, **kwargs)
           ^^^^^^^^^^^^^^^^^^^^^^^^^^^^^^^^^^^
  File "/home/jules/.pyenv/versions/3.12.12/lib/python3.12/site-packages/click/core.py", line 824, in invoke
    return callback(*args, **kwargs)
           ^^^^^^^^^^^^^^^^^^^^^^^^^
  File "/home/jules/.pyenv/versions/3.12.12/lib/python3.12/site-packages/flask/cli.py", line 979, in run_command
    raise e from None
  File "/home/jules/.pyenv/versions/3.12.12/lib/python3.12/site-packages/flask/cli.py", line 963, in run_command
    app: WSGIApplication = info.load_app()  # pyright: ignore
                           ^^^^^^^^^^^^^^^
  File "/home/jules/.pyenv/versions/3.12.12/lib/python3.12/site-packages/flask/cli.py", line 349, in load_app
    app = locate_app(import_name, name)
          ^^^^^^^^^^^^^^^^^^^^^^^^^^^^^
  File "/home/jules/.pyenv/versions/3.12.12/lib/python3.12/site-packages/flask/cli.py", line 245, in locate_app
    __import__(module_name)
  File "/app/TBIB/app.py", line 40, in <module>
    app = create_app()
          ^^^^^^^^^^^^
  File "/app/TBIB/app.py", line 35, in create_app
    from routes import main_bp
  File "/app/TBIB/routes.py", line 4, in <module>
    from models import User, DoctorProfile, Appointment, HealthRecord, DoctorAvailability, ConsultationType, DoctorAbsence, Relative
  File "/app/TBIB/models.py", line 17, in <module>
    class User(UserMixin, db.Model):
  File "/home/jules/.pyenv/versions/3.12.12/lib/python3.12/site-packages/flask_sqlalchemy/model.py", line 92, in __init__
    super().__init__(name, bases, d, **kwargs)
  File "/home/jules/.pyenv/versions/3.12.12/lib/python3.12/site-packages/flask_sqlalchemy/model.py", line 144, in __init__
    super().__init__(name, bases, d, **kwargs)
  File "/home/jules/.pyenv/versions/3.12.12/lib/python3.12/site-packages/sqlalchemy/orm/decl_api.py", line 199, in __init__
    _as_declarative(reg, cls, dict_)
  File "/home/jules/.pyenv/versions/3.12.12/lib/python3.12/site-packages/sqlalchemy/orm/decl_base.py", line 245, in _as_declarative
    return _MapperConfig.setup_mapping(registry, cls, dict_, None, {})
           ^^^^^^^^^^^^^^^^^^^^^^^^^^^^^^^^^^^^^^^^^^^^^^^^^^^^^^^^^^^
  File "/home/jules/.pyenv/versions/3.12.12/lib/python3.12/site-packages/sqlalchemy/orm/decl_base.py", line 326, in setup_mapping
    return _ClassScanMapperConfig(
           ^^^^^^^^^^^^^^^^^^^^^^^
  File "/home/jules/.pyenv/versions/3.12.12/lib/python3.12/site-packages/sqlalchemy/orm/decl_base.py", line 577, in __init__
    self._setup_table(table)
  File "/home/jules/.pyenv/versions/3.12.12/lib/python3.12/site-packages/sqlalchemy/orm/decl_base.py", line 1762, in _setup_table
    table_cls(
  File "/home/jules/.pyenv/versions/3.12.12/lib/python3.12/site-packages/flask_sqlalchemy/model.py", line 171, in __table_cls__
    return sa.Table(*args, **kwargs)
           ^^^^^^^^^^^^^^^^^^^^^^^^^
  File "<string>", line 2, in __new__
  File "/home/jules/.pyenv/versions/3.12.12/lib/python3.12/site-packages/sqlalchemy/util/deprecations.py", line 281, in warned
    return fn(*args, **kwargs)  # type: ignore[no-any-return]
           ^^^^^^^^^^^^^^^^^^^
  File "/home/jules/.pyenv/versions/3.12.12/lib/python3.12/site-packages/sqlalchemy/sql/schema.py", line 429, in __new__
    return cls._new(*args, **kw)
           ^^^^^^^^^^^^^^^^^^^^^
  File "/home/jules/.pyenv/versions/3.12.12/lib/python3.12/site-packages/sqlalchemy/sql/schema.py", line 461, in _new
    raise exc.InvalidRequestError(
sqlalchemy.exc.InvalidRequestError: Table 'users' is already defined for this MetaData instance.  Specify 'extend_existing=True' to redefine options and columns on an existing Table object.
